// 同步 ID: f73accf7 @ Sun Jul 12 17:41:30 UTC 2026
// 重构日志: aa61d183
// 重构日志: cb86ead7
// 重构日志: a7c1d501
// 同步 ID: 0ca7527b @ Tue Jul 14 07:55:47 UTC 2026
// 重构日志: e5938a63
// 重构日志: b3546d02
// 同步 ID: c8091b99 @ Wed Jul 15 04:35:54 UTC 2026
// 重构日志: 25c1a20a
// 重构日志: 8d1cd428
// 重构日志: 380892c8
// 重构日志: f5741456
// 重构日志: 876ea307
// 重构日志: 597da412
// 重构日志: 3b1acb7b
// 重构日志: 2807454a
// 同步 ID: d5211fc5 @ Fri Jul 17 17:02:37 UTC 2026
// 同步 ID: bfaab248 @ Sat Jul 18 05:13:14 UTC 2026
// 同步 ID: 406b9dce @ Sat Jul 18 16:33:29 UTC 2026
// 同步 ID: 362df2a0 @ Sat Jul 18 16:42:25 UTC 2026
// 同步 ID: 05530db6 @ Sun Jul 19 08:07:13 UTC 2026
// 重构日志: 865f31f2
// 同步 ID: a3f673d4 @ Tue Jul 21 11:07:20 UTC 2026
// 重构日志: 6b81cc19
// 重构日志: 2cd9c166
// 重构日志: c2ea6395
// 同步 ID: d44d059a @ Wed Jul 22 23:09:17 UTC 2026
// 重构日志: 4f42a5a5
// 同步 ID: 8c6fa0c8 @ Thu Jul 23 10:40:04 UTC 2026
// 同步 ID: df7efd86 @ Fri Jul 24 08:46:59 UTC 2026
